field = 1
year = 20
nlat = 3
using full bands
using performance-based scaling
noffdiag = 0
mult/mult_p5 <class 'str'>
s4bb version: local files only (no git)
spectra/inj_noise/seeded/mult/mult_p5/phase2_spec_comb_f1_y20_n3_full_withpbs_000_100.h5
spectra/inj_noise/seeded/mult/mult_p5/phase2_spec_noise_f1_y20_n3_full_withpbs_000_100.h5
spectra/inj_noise/seeded/mult/mult_p5/phase2_spec_signoi_f1_y20_n3_full_withpbs_000_100.h5
spectra/inj_noise/seeded/mult/mult_p5/phase2_spec_comb_f1_y20_n3_full_withpbs_000_100.h5
spectra/inj_noise/seeded/mult/mult_p5/phase2_spec_llcdm_f1_y20_n3_full_withpbs_000_100.h5
<s4bb.spectra.XSpec object at 0x7ff04737f310>
<s4bb.likelihood.Likelihood object at 0x7ff04737ed10>
mlsearch/inj_noise/seeded/mult/mult_p5/ph2_mlsearch_f1_y20_n3_full_withpbs.npy
0
1
2
3
4
5
6
7
8
9
10
11
12
13
14
15
16
17
18
19
20
21
22
23
24
25
26
27
28
29
30
31
32
33
34
35
36
37
38
39
40
41
42
43
44
45
46
47
48
49
50
51
52
53
54
55
56
57
58
59
60
61
62
63
64
65
66
67
68
69
70
71
72
73
74
75
76
77
78
79
80
81
82
83
84
85
86
87
88
89
90
91
92
93
94
95
96
97
98
99
modified this script while sbatch is running
	Command being timed: "python -u phase2_mlsearch.py 1 20 --nlat 3 --rlz 0 100 --pbs --noffdiag 0 --fpath mult/mult_p5"
	User time (seconds): 15492.30
	System time (seconds): 2.38
	Percent of CPU this job got: 219%
	Elapsed (wall clock) time (h:mm:ss or m:ss): 1:57:44
	Average shared text size (kbytes): 0
	Average unshared data size (kbytes): 0
	Average stack size (kbytes): 0
	Average total size (kbytes): 0
	Maximum resident set size (kbytes): 1289112
	Average resident set size (kbytes): 0
	Major (requiring I/O) page faults: 21
	Minor (reclaiming a frame) page faults: 372068
	Voluntary context switches: 133839
	Involuntary context switches: 11164
	Swaps: 0
	File system inputs: 12
	File system outputs: 0
	Socket messages sent: 0
	Socket messages received: 0
	Signals delivered: 0
	Page size (bytes): 4096
	Exit status: 0
