simtype = comb
field = 1
year = 20
nlat = 3
gauss = None
mult = 1.01
using full bands
using performance-based scaling
rlz 0--100
3 <class 'int'>
mult/mult_p1 <class 'str'>
spectra/inj_noise/seeded/mult/mult_p1/phase2_spec_comb_f1_y20_n3_full_withpbs_000_100.h5
spectra/inj_noise/seeded/mult/mult_p1/phase2_spec_comb_f1_y20_n3_full_withpbs_000_100.h5
s4bb version: local files only (no git)
namaster version: 2.5.2
LF-1_QU
LF-2_QU
MF-1_QU
MF-2_QU
HF-1_QU
HF-2_QU
LT_QU [lensing_template]
0
1
2
3
4
5
6
7
8
9
10
11
12
13
14
15
16
17
18
19
20
21
22
23
24
25
26
27
28
29
30
31
32
33
34
35
36
37
38
39
40
41
42
43
44
45
46
47
48
49
50
51
52
53
54
55
56
57
58
59
60
61
62
63
64
65
66
67
68
69
70
71
72
73
74
75
76
77
78
79
80
81
82
83
84
85
86
87
88
89
90
91
92
93
94
95
96
97
98
99
spectra/inj_noise/seeded/mult/mult_p1/phase2_spec_comb_f1_y20_n3_full_withpbs_000_100.h5
spectra/inj_noise/seeded/mult/mult_p1/phase2_spec_comb_f1_y20_n3_full_withpbs_000_100.h5
	Command being timed: "python -u phase2_calcspec.py comb 1 20 --nlat 3 --pbs --rlz 0 100 --seed-LTnoise --fpath mult/mult_p1 --mult 1.01"
	User time (seconds): 3183.01
	System time (seconds): 119.34
	Percent of CPU this job got: 292%
	Elapsed (wall clock) time (h:mm:ss or m:ss): 18:50.10
	Average shared text size (kbytes): 0
	Average unshared data size (kbytes): 0
	Average stack size (kbytes): 0
	Average total size (kbytes): 0
	Maximum resident set size (kbytes): 2226160
	Average resident set size (kbytes): 0
	Major (requiring I/O) page faults: 1221
	Minor (reclaiming a frame) page faults: 15344720
	Voluntary context switches: 404204
	Involuntary context switches: 102645
	Swaps: 0
	File system inputs: 0
	File system outputs: 0
	Socket messages sent: 0
	Socket messages received: 0
	Signals delivered: 0
	Page size (bytes): 4096
	Exit status: 0
