2026-01-23T19:39:24-08:00 LAUNCH
[I 2026-01-23 19:39:32.692 ServerApp] Extension package dask_labextension took 1.6552s to import
[W 2026-01-23 19:39:32.693 ServerApp] A `_jupyter_server_extension_points` function was not found in dask_labextension. Instead, a `_jupyter_server_extension_paths` function was found and will be used for now. This function name will be deprecated in future releases of Jupyter Server.
[I 2026-01-23 19:39:32.833 ServerApp] Extension package jupyter_lsp took 0.1395s to import
[I 2026-01-23 19:39:33.039 ServerApp] Extension package jupyterlab took 0.1191s to import
[I 2026-01-23 19:39:33.522 ServerApp] Extension package jupyterlab_git took 0.1047s to import
[I 2026-01-23 19:39:34.815 ServerApp] Extension package jupyterlab_h5web took 1.2927s to import
[I 2026-01-23 19:39:35.259 ServerApp] Extension package jupyterlab_jupytext took 0.4427s to import
[W 2026-01-23 19:39:35.346 ServerApp] jupyterlab_nvdashboard | error adding extension (enabled: True): Driver Not Loaded
    Traceback (most recent call last):
      File "/global/common/software/nersc9/jupyter/ex/25-06/lib/python3.10/site-packages/jupyter_server/extension/manager.py", line 323, in add_extension
        extpkg = ExtensionPackage(name=extension_name, enabled=enabled)
      File "/global/common/software/nersc9/jupyter/ex/25-06/lib/python3.10/site-packages/jupyter_server/extension/manager.py", line 187, in __init__
        self._load_metadata()
      File "/global/common/software/nersc9/jupyter/ex/25-06/lib/python3.10/site-packages/jupyter_server/extension/manager.py", line 196, in _load_metadata
        self.module, self.metadata = get_metadata(name, logger=self.log)
      File "/global/common/software/nersc9/jupyter/ex/25-06/lib/python3.10/site-packages/jupyter_server/extension/utils.py", line 65, in get_metadata
        module = importlib.import_module(package_name)
      File "/global/common/software/nersc9/jupyter/ex/25-06/lib/python3.10/importlib/__init__.py", line 126, in import_module
        return _bootstrap._gcd_import(name[level:], package, level)
      File "<frozen importlib._bootstrap>", line 1050, in _gcd_import
      File "<frozen importlib._bootstrap>", line 1027, in _find_and_load
      File "<frozen importlib._bootstrap>", line 1006, in _find_and_load_unlocked
      File "<frozen importlib._bootstrap>", line 688, in _load_unlocked
      File "<frozen importlib._bootstrap_external>", line 883, in exec_module
      File "<frozen importlib._bootstrap>", line 241, in _call_with_frames_removed
      File "/global/common/software/nersc9/jupyter/ex/25-06/lib/python3.10/site-packages/jupyterlab_nvdashboard/__init__.py", line 13, in <module>
        from .handlers import setup_handlers
      File "/global/common/software/nersc9/jupyter/ex/25-06/lib/python3.10/site-packages/jupyterlab_nvdashboard/handlers.py", line 2, in <module>
        from . import apps
      File "/global/common/software/nersc9/jupyter/ex/25-06/lib/python3.10/site-packages/jupyterlab_nvdashboard/apps/__init__.py", line 2, in <module>
        from . import gpu
      File "/global/common/software/nersc9/jupyter/ex/25-06/lib/python3.10/site-packages/jupyterlab_nvdashboard/apps/gpu.py", line 7, in <module>
        pynvml.nvmlInit()
      File "/global/common/software/nersc9/jupyter/ex/25-06/lib/python3.10/site-packages/pynvml/nvml.py", line 1770, in nvmlInit
        nvmlInitWithFlags(0)
      File "/global/common/software/nersc9/jupyter/ex/25-06/lib/python3.10/site-packages/pynvml/nvml.py", line 1760, in nvmlInitWithFlags
        _nvmlCheckReturn(ret)
      File "/global/common/software/nersc9/jupyter/ex/25-06/lib/python3.10/site-packages/pynvml/nvml.py", line 833, in _nvmlCheckReturn
        raise NVMLError(ret)
    pynvml.nvml.NVMLError_DriverNotLoaded: Driver Not Loaded
[W 2026-01-23 19:39:35.415 ServerApp] A `_jupyter_server_extension_points` function was not found in nbclassic. Instead, a `_jupyter_server_extension_paths` function was found and will be used for now. This function name will be deprecated in future releases of Jupyter Server.
[I 2026-01-23 19:39:35.423 ServerApp] dask_labextension | extension was successfully linked.
[I 2026-01-23 19:39:35.423 ServerApp] jupyter_lsp | extension was successfully linked.
[I 2026-01-23 19:39:35.424 ServerApp] jupyter_resource_usage | extension was successfully linked.
[I 2026-01-23 19:39:35.433 ServerApp] jupyter_server_mathjax | extension was successfully linked.
[I 2026-01-23 19:39:35.433 ServerApp] jupyter_server_proxy | extension was successfully linked.
[I 2026-01-23 19:39:35.440 ServerApp] jupyter_server_terminals | extension was successfully linked.
[I 2026-01-23 19:39:35.441 JupyterHubSingleUser] Starting jupyterhub single-user server extension version 5.0.0
[I 2026-01-23 19:39:35.441 JupyterHubSingleUser] Using default url from environment $JUPYTERHUB_DEFAULT_URL: /lab/tree/global/homes/t/trama
[I 2026-01-23 19:39:35.445 ServerApp] jupyterhub | extension was successfully linked.
[W 2026-01-23 19:39:35.450 LabApp] 'extra_template_paths' was found in both NotebookApp and ServerApp. This is likely a recent change. This config will only be set in NotebookApp. Please check if you should also config these traits in ServerApp for your purpose.
[I 2026-01-23 19:39:35.453 ServerApp] jupyterlab | extension was successfully linked.
[I 2026-01-23 19:39:35.453 ServerApp] jupyterlab_code_formatter | extension was successfully linked.
[I 2026-01-23 19:39:35.454 ServerApp] jupyterlab_git | extension was successfully linked.
[I 2026-01-23 19:39:35.454 ServerApp] jupyterlab_h5web | extension was successfully linked.
[I 2026-01-23 19:39:35.454 ServerApp] jupyterlab_jupytext | extension was successfully linked.
[I 2026-01-23 19:39:35.455 ServerApp] jupyterlab_wall | extension was successfully linked.
[W 2026-01-23 19:39:35.466 NotebookApp] 'extra_template_paths' was found in both NotebookApp and ServerApp. This is likely a recent change. This config will only be set in NotebookApp. Please check if you should also config these traits in ServerApp for your purpose.
[I 2026-01-23 19:39:35.468 ServerApp] nbclassic | extension was successfully linked.
[I 2026-01-23 19:39:35.469 ServerApp] nbdime | extension was successfully linked.
[W 2026-01-23 19:39:35.474 JupyterNotebookApp] 'extra_template_paths' was found in both NotebookApp and ServerApp. This is likely a recent change. This config will only be set in NotebookApp. Please check if you should also config these traits in ServerApp for your purpose.
[I 2026-01-23 19:39:35.477 ServerApp] notebook | extension was successfully linked.
[I 2026-01-23 19:39:35.478 ServerApp] Writing Jupyter server cookie secret to /tmp/jupyter-runtime-671e8690-6006-4557-a122-5ca18c5aa0f9/jupyter_cookie_secret
[I 2026-01-23 19:39:35.529 ServerApp] notebook_shim | extension was successfully linked.
[I 2026-01-23 19:39:35.611 ServerApp] notebook_shim | extension was successfully loaded.
[I 2026-01-23 19:39:35.612 ServerApp] dask_labextension | extension was successfully loaded.
[I 2026-01-23 19:39:35.615 ServerApp] jupyter_lsp | extension was successfully loaded.
[I 2026-01-23 19:39:35.616 ServerApp] jupyter_resource_usage | extension was successfully loaded.
[I 2026-01-23 19:39:35.617 ServerApp] jupyter_server_mathjax | extension was successfully loaded.
[I 2026-01-23 19:39:35.651 ServerApp] jupyter_server_proxy | extension was successfully loaded.
[I 2026-01-23 19:39:35.654 ServerApp] jupyter_server_terminals | extension was successfully loaded.
[I 2026-01-23 19:39:35.691 JupyterHubSingleUser] Updating Hub with activity every 300 seconds
[I 2026-01-23 19:39:35.692 ServerApp] jupyterhub | extension was successfully loaded.
[I 2026-01-23 19:39:35.861 ServerApp] Skipped non-installed server(s): bash-language-server, dockerfile-language-server-nodejs, javascript-typescript-langserver, jedi-language-server, julia-language-server, pyright, python-language-server, python-lsp-server, r-languageserver, sql-language-server, texlab, typescript-language-server, unified-language-server, vscode-css-languageserver-bin, vscode-html-languageserver-bin, vscode-json-languageserver-bin, yaml-language-server
[I 2026-01-23 19:39:36.018 LabApp] JupyterLab extension loaded from /global/common/software/nersc9/jupyter/ex/25-06/lib/python3.10/site-packages/jupyterlab
[I 2026-01-23 19:39:36.018 LabApp] JupyterLab application directory is /global/common/software/nersc9/jupyter/ex/25-06/share/jupyter/lab
[I 2026-01-23 19:39:36.021 LabApp] Extension Manager is 'pypi'.
[I 2026-01-23 19:39:36.044 ServerApp] jupyterlab | extension was successfully loaded.
[I 2026-01-23 19:39:36.044 ServerApp] Registered jupyterlab_code_formatter server extension
[I 2026-01-23 19:39:36.045 ServerApp] jupyterlab_code_formatter | extension was successfully loaded.
[I 2026-01-23 19:39:36.051 ServerApp] jupyterlab_git | extension was successfully loaded.
[I 2026-01-23 19:39:36.233 ServerApp] Jupyterlab-h5web extension will serve HDF5 files from /
[I 2026-01-23 19:39:36.234 ServerApp] jupyterlab_h5web | extension was successfully loaded.
[W 2026-01-23 19:39:36.234 ServerApp] [Jupytext Server Extension] Async contents managers like {base_class.__name__} are not supported at the moment (https://github.com/mwouts/jupytext/issues/1020). We will derive a contents manager from LargeFileManager instead.
[I 2026-01-23 19:39:36.235 ServerApp] [Jupytext Server Extension] Deriving a JupytextContentsManager from LargeFileManager
[I 2026-01-23 19:39:36.236 ServerApp] jupyterlab_jupytext | extension was successfully loaded.
/user/trama/perlmutter-exclusive-node-cpu/jupyterlab_wall/get_example
NoneType: None
[I 2026-01-23 19:39:36.237 ServerApp] Registered jupyterlab_wall server extension
[I 2026-01-23 19:39:36.237 ServerApp] jupyterlab_wall | extension was successfully loaded.
[I 2026-01-23 19:39:36.273 ServerApp] nbclassic | extension was successfully loaded.
[I 2026-01-23 19:39:36.742 ServerApp] nbdime | extension was successfully loaded.
[I 2026-01-23 19:39:36.840 ServerApp] notebook | extension was successfully loaded.
[I 2026-01-23 19:39:36.840 ServerApp] Will shut down after 64800 seconds with no kernels.
[I 2026-01-23 19:39:36.841 ServerApp] Serving notebooks from local directory: /
[I 2026-01-23 19:39:36.842 ServerApp] Jupyter Server 2.14.2 is running at:
[I 2026-01-23 19:39:36.842 ServerApp] http://nid004190:52315/user/trama/perlmutter-exclusive-node-cpu/lab/tree/global/homes/t/trama?token=...
[I 2026-01-23 19:39:36.842 ServerApp]     http://127.0.0.1:52315/user/trama/perlmutter-exclusive-node-cpu/lab/tree/global/homes/t/trama?token=...
[I 2026-01-23 19:39:36.843 ServerApp] Use Control-C to stop this server and shut down all kernels (twice to skip confirmation).
[W 2026-01-23 19:40:07.349 LabApp] Could not determine jupyterlab build status without nodejs
[I 2026-01-23 19:40:07.450 ServerApp] Loaded Jupytext configuration file at /global/common/software/nersc9/jupyter/ex/25-06/etc/jupytext/jupytext.toml
[I 2026-01-23 19:40:09.897 ServerApp] New terminal with automatic name: 1
[I 2026-01-23 19:40:09.898 ServerApp] Culling terminals with inactivity > 64800 seconds at 300 second intervals ...
[I 2026-01-23 19:40:11.092 ServerApp] Kernel started: eb39f397-00b3-43d3-aef2-c7512040acb7
[I 2026-01-23 19:40:11.093 ServerApp] Culling kernels with idle durations > 64800 seconds at 300 second intervals ...
[I 2026-01-23 19:40:11.093 ServerApp] Kernel started: 6d187416-ad74-4094-af66-3b8f893b6abe
[I 2026-01-23 19:40:22.480 ServerApp] Connecting to kernel 6d187416-ad74-4094-af66-3b8f893b6abe.
[I 2026-01-23 19:40:22.550 ServerApp] Connecting to kernel eb39f397-00b3-43d3-aef2-c7512040acb7.
[I 2026-01-23 19:40:22.604 ServerApp] Connecting to kernel 6d187416-ad74-4094-af66-3b8f893b6abe.
[I 2026-01-23 19:40:22.670 ServerApp] Connecting to kernel 6d187416-ad74-4094-af66-3b8f893b6abe.
[W 2026-01-23 20:29:52.551 ServerApp] WebSocket ping timeout after 119758 ms.
[W 2026-01-23 20:29:52.604 ServerApp] WebSocket ping timeout after 119811 ms.
[I 2026-01-23 20:29:57.555 ServerApp] Starting buffering for eb39f397-00b3-43d3-aef2-c7512040acb7:ee064483-d85a-4f77-8704-b7a493e6d7e7
[I 2026-01-23 20:29:57.605 ServerApp] Starting buffering for 6d187416-ad74-4094-af66-3b8f893b6abe:cf553fcc-11ff-4a8c-b75f-35a6493b6b3f
[W 2026-01-23 20:30:10.143 TerminalsExtensionApp] WebSocket ping timeout after 119896 ms.
[W 2026-01-23 20:31:30.743 LabApp] Could not determine jupyterlab build status without nodejs
[I 2026-01-23 20:31:30.979 ServerApp] Connecting to kernel eb39f397-00b3-43d3-aef2-c7512040acb7.
[I 2026-01-23 20:31:31.038 ServerApp] Connecting to kernel 6d187416-ad74-4094-af66-3b8f893b6abe.
[I 2026-01-23 20:31:31.611 ServerApp] Starting buffering for eb39f397-00b3-43d3-aef2-c7512040acb7:b98182ff-2fdc-40e0-be3c-bbb198eaeeb4
[I 2026-01-23 20:31:31.613 ServerApp] Starting buffering for 6d187416-ad74-4094-af66-3b8f893b6abe:c30e2906-d4fa-48ac-add4-a3a3bd4f7a96
[I 2026-01-23 20:31:33.851 ServerApp] Connecting to kernel 6d187416-ad74-4094-af66-3b8f893b6abe.
[I 2026-01-23 20:31:33.900 ServerApp] Connecting to kernel eb39f397-00b3-43d3-aef2-c7512040acb7.
[I 2026-01-23 20:31:33.900 ServerApp] Discarding 1 buffered messages for eb39f397-00b3-43d3-aef2-c7512040acb7:b98182ff-2fdc-40e0-be3c-bbb198eaeeb4
/global/common/software/nersc9/jupyter/ex/25-06/lib/python3.10/json/encoder.py:257: UserWarning: date_default is deprecated since jupyter_client 7.0.0. Use jupyter_client.jsonutil.json_default.
  return _iterencode(o, 0)
/global/common/software/nersc9/jupyter/ex/25-06/lib/python3.10/json/encoder.py:257: UserWarning: date_default is deprecated since jupyter_client 7.0.0. Use jupyter_client.jsonutil.json_default.
  return _iterencode(o, 0)
slurmstepd: error: *** JOB 48051164 ON nid004190 CANCELLED AT 2026-01-24T05:41:29 ***
