2026-02-20T18:13:18-08:00 LAUNCH
[I 2026-02-20 18:13:26.493 ServerApp] Extension package dask_labextension took 1.9873s to import
[W 2026-02-20 18:13:26.493 ServerApp] A `_jupyter_server_extension_points` function was not found in dask_labextension. Instead, a `_jupyter_server_extension_paths` function was found and will be used for now. This function name will be deprecated in future releases of Jupyter Server.
[I 2026-02-20 18:13:26.666 ServerApp] Extension package jupyter_lsp took 0.1717s to import
[I 2026-02-20 18:13:26.821 ServerApp] Extension package jupyter_server_terminals took 0.1001s to import
[I 2026-02-20 18:13:26.932 ServerApp] Extension package jupyterlab took 0.1067s to import
[I 2026-02-20 18:13:27.566 ServerApp] Extension package jupyterlab_git took 0.1469s to import
[I 2026-02-20 18:13:29.271 ServerApp] Extension package jupyterlab_h5web took 1.7041s to import
[I 2026-02-20 18:13:29.693 ServerApp] Extension package jupyterlab_jupytext took 0.4215s to import
[W 2026-02-20 18:13:29.807 ServerApp] jupyterlab_nvdashboard | error adding extension (enabled: True): Driver Not Loaded
    Traceback (most recent call last):
      File "/global/common/software/nersc9/jupyter/ex/26-02/lib/python3.10/site-packages/jupyter_server/extension/manager.py", line 323, in add_extension
        extpkg = ExtensionPackage(name=extension_name, enabled=enabled)
      File "/global/common/software/nersc9/jupyter/ex/26-02/lib/python3.10/site-packages/jupyter_server/extension/manager.py", line 187, in __init__
        self._load_metadata()
      File "/global/common/software/nersc9/jupyter/ex/26-02/lib/python3.10/site-packages/jupyter_server/extension/manager.py", line 196, in _load_metadata
        self.module, self.metadata = get_metadata(name, logger=self.log)
      File "/global/common/software/nersc9/jupyter/ex/26-02/lib/python3.10/site-packages/jupyter_server/extension/utils.py", line 65, in get_metadata
        module = importlib.import_module(package_name)
      File "/global/common/software/nersc9/jupyter/ex/26-02/lib/python3.10/importlib/__init__.py", line 126, in import_module
        return _bootstrap._gcd_import(name[level:], package, level)
      File "<frozen importlib._bootstrap>", line 1050, in _gcd_import
      File "<frozen importlib._bootstrap>", line 1027, in _find_and_load
      File "<frozen importlib._bootstrap>", line 1006, in _find_and_load_unlocked
      File "<frozen importlib._bootstrap>", line 688, in _load_unlocked
      File "<frozen importlib._bootstrap_external>", line 883, in exec_module
      File "<frozen importlib._bootstrap>", line 241, in _call_with_frames_removed
      File "/global/common/software/nersc9/jupyter/ex/26-02/lib/python3.10/site-packages/jupyterlab_nvdashboard/__init__.py", line 13, in <module>
        from .handlers import setup_handlers
      File "/global/common/software/nersc9/jupyter/ex/26-02/lib/python3.10/site-packages/jupyterlab_nvdashboard/handlers.py", line 2, in <module>
        from . import apps
      File "/global/common/software/nersc9/jupyter/ex/26-02/lib/python3.10/site-packages/jupyterlab_nvdashboard/apps/__init__.py", line 2, in <module>
        from . import gpu
      File "/global/common/software/nersc9/jupyter/ex/26-02/lib/python3.10/site-packages/jupyterlab_nvdashboard/apps/gpu.py", line 7, in <module>
        pynvml.nvmlInit()
      File "/global/common/software/nersc9/jupyter/ex/26-02/lib/python3.10/site-packages/pynvml/nvml.py", line 1770, in nvmlInit
        nvmlInitWithFlags(0)
      File "/global/common/software/nersc9/jupyter/ex/26-02/lib/python3.10/site-packages/pynvml/nvml.py", line 1760, in nvmlInitWithFlags
        _nvmlCheckReturn(ret)
      File "/global/common/software/nersc9/jupyter/ex/26-02/lib/python3.10/site-packages/pynvml/nvml.py", line 833, in _nvmlCheckReturn
        raise NVMLError(ret)
    pynvml.nvml.NVMLError_DriverNotLoaded: Driver Not Loaded
[W 2026-02-20 18:13:29.892 ServerApp] A `_jupyter_server_extension_points` function was not found in nbclassic. Instead, a `_jupyter_server_extension_paths` function was found and will be used for now. This function name will be deprecated in future releases of Jupyter Server.
[I 2026-02-20 18:13:29.900 ServerApp] dask_labextension | extension was successfully linked.
[I 2026-02-20 18:13:29.900 ServerApp] jupyter_lsp | extension was successfully linked.
[I 2026-02-20 18:13:29.901 ServerApp] jupyter_resource_usage | extension was successfully linked.
[I 2026-02-20 18:13:29.962 ServerApp] jupyter_server_mathjax | extension was successfully linked.
[I 2026-02-20 18:13:29.962 ServerApp] jupyter_server_proxy | extension was successfully linked.
[I 2026-02-20 18:13:30.007 ServerApp] jupyter_server_terminals | extension was successfully linked.
[I 2026-02-20 18:13:30.007 JupyterHubSingleUser] Starting jupyterhub single-user server extension version 5.0.0
[I 2026-02-20 18:13:30.008 JupyterHubSingleUser] Using default url from environment $JUPYTERHUB_DEFAULT_URL: /lab/tree/global/homes/t/trama
[I 2026-02-20 18:13:30.011 ServerApp] jupyterhub | extension was successfully linked.
[W 2026-02-20 18:13:30.056 LabApp] 'extra_template_paths' was found in both NotebookApp and ServerApp. This is likely a recent change. This config will only be set in NotebookApp. Please check if you should also config these traits in ServerApp for your purpose.
[I 2026-02-20 18:13:30.058 ServerApp] jupyterlab | extension was successfully linked.
[I 2026-02-20 18:13:30.059 ServerApp] jupyterlab_code_formatter | extension was successfully linked.
[I 2026-02-20 18:13:30.059 ServerApp] jupyterlab_git | extension was successfully linked.
[I 2026-02-20 18:13:30.059 ServerApp] jupyterlab_h5web | extension was successfully linked.
[I 2026-02-20 18:13:30.060 ServerApp] jupyterlab_jupytext | extension was successfully linked.
[I 2026-02-20 18:13:30.060 ServerApp] jupyterlab_wall | extension was successfully linked.
[W 2026-02-20 18:13:30.086 NotebookApp] 'extra_template_paths' was found in both NotebookApp and ServerApp. This is likely a recent change. This config will only be set in NotebookApp. Please check if you should also config these traits in ServerApp for your purpose.
[I 2026-02-20 18:13:30.088 ServerApp] nbclassic | extension was successfully linked.
[I 2026-02-20 18:13:30.088 ServerApp] nbdime | extension was successfully linked.
[W 2026-02-20 18:13:30.099 JupyterNotebookApp] 'extra_template_paths' was found in both NotebookApp and ServerApp. This is likely a recent change. This config will only be set in NotebookApp. Please check if you should also config these traits in ServerApp for your purpose.
[I 2026-02-20 18:13:30.102 ServerApp] notebook | extension was successfully linked.
[I 2026-02-20 18:13:30.105 ServerApp] Writing Jupyter server cookie secret to /tmp/jupyter-runtime-a1ebbce1-e729-49e5-b1b1-27bea17e8093/jupyter_cookie_secret
[I 2026-02-20 18:13:30.150 ServerApp] notebook_shim | extension was successfully linked.
[I 2026-02-20 18:13:30.350 ServerApp] notebook_shim | extension was successfully loaded.
[I 2026-02-20 18:13:30.351 ServerApp] dask_labextension | extension was successfully loaded.
[I 2026-02-20 18:13:30.354 ServerApp] jupyter_lsp | extension was successfully loaded.
[I 2026-02-20 18:13:30.355 ServerApp] jupyter_resource_usage | extension was successfully loaded.
[I 2026-02-20 18:13:30.356 ServerApp] jupyter_server_mathjax | extension was successfully loaded.
[I 2026-02-20 18:13:30.435 ServerApp] jupyter_server_proxy | extension was successfully loaded.
[I 2026-02-20 18:13:30.438 ServerApp] jupyter_server_terminals | extension was successfully loaded.
[I 2026-02-20 18:13:30.469 JupyterHubSingleUser] Updating Hub with activity every 300 seconds
[I 2026-02-20 18:13:30.469 ServerApp] jupyterhub | extension was successfully loaded.
[I 2026-02-20 18:13:30.756 ServerApp] Skipped non-installed server(s): bash-language-server, dockerfile-language-server-nodejs, javascript-typescript-langserver, jedi-language-server, julia-language-server, pyright, python-language-server, python-lsp-server, r-languageserver, sql-language-server, texlab, typescript-language-server, unified-language-server, vscode-css-languageserver-bin, vscode-html-languageserver-bin, vscode-json-languageserver-bin, yaml-language-server
[I 2026-02-20 18:13:30.882 LabApp] JupyterLab extension loaded from /global/common/software/nersc9/jupyter/ex/26-02/lib/python3.10/site-packages/jupyterlab
[I 2026-02-20 18:13:30.882 LabApp] JupyterLab application directory is /global/common/software/nersc9/jupyter/ex/26-02/share/jupyter/lab
[I 2026-02-20 18:13:30.885 LabApp] Extension Manager is 'pypi'.
[I 2026-02-20 18:13:30.911 ServerApp] jupyterlab | extension was successfully loaded.
[I 2026-02-20 18:13:30.911 ServerApp] Registered jupyterlab_code_formatter server extension
[I 2026-02-20 18:13:30.912 ServerApp] jupyterlab_code_formatter | extension was successfully loaded.
[I 2026-02-20 18:13:30.919 ServerApp] jupyterlab_git | extension was successfully loaded.
[I 2026-02-20 18:13:31.363 ServerApp] Jupyterlab-h5web extension will serve HDF5 files from /
[I 2026-02-20 18:13:31.364 ServerApp] jupyterlab_h5web | extension was successfully loaded.
[W 2026-02-20 18:13:31.364 ServerApp] [Jupytext Server Extension] Async contents managers like {base_class.__name__} are not supported at the moment (https://github.com/mwouts/jupytext/issues/1020). We will derive a contents manager from LargeFileManager instead.
[I 2026-02-20 18:13:31.365 ServerApp] [Jupytext Server Extension] Deriving a JupytextContentsManager from LargeFileManager
[I 2026-02-20 18:13:31.366 ServerApp] jupyterlab_jupytext | extension was successfully loaded.
[I 2026-02-20 18:13:31.367 ServerApp] Registered jupyterlab_wall server extension
[I 2026-02-20 18:13:31.367 ServerApp] jupyterlab_wall | extension was successfully loaded.
[I 2026-02-20 18:13:31.406 ServerApp] nbclassic | extension was successfully loaded.
[I 2026-02-20 18:13:31.756 ServerApp] nbdime | extension was successfully loaded.
[I 2026-02-20 18:13:31.874 ServerApp] notebook | extension was successfully loaded.
[I 2026-02-20 18:13:31.874 ServerApp] Will shut down after 64800 seconds with no kernels.
[I 2026-02-20 18:13:31.875 ServerApp] Serving notebooks from local directory: /
[I 2026-02-20 18:13:31.876 ServerApp] Jupyter Server 2.14.2 is running at:
[I 2026-02-20 18:13:31.876 ServerApp] http://nid004194:37091/user/trama/perlmutter-exclusive-node-cpu/lab/tree/global/homes/t/trama?token=...
[I 2026-02-20 18:13:31.876 ServerApp]     http://127.0.0.1:37091/user/trama/perlmutter-exclusive-node-cpu/lab/tree/global/homes/t/trama?token=...
[I 2026-02-20 18:13:31.876 ServerApp] Use Control-C to stop this server and shut down all kernels (twice to skip confirmation).
[W 2026-02-20 18:13:50.022 LabApp] Could not determine jupyterlab build status without nodejs
[I 2026-02-20 18:13:50.107 ServerApp] Loaded Jupytext configuration file at /global/common/software/nersc9/jupyter/ex/26-02/etc/jupytext/jupytext.toml
[I 2026-02-20 18:13:53.602 ServerApp] New terminal with automatic name: 4
[I 2026-02-20 18:13:53.603 ServerApp] Culling terminals with inactivity > 64800 seconds at 300 second intervals ...
[W 2026-02-20 18:13:55.419 ServerApp] Notebook global/homes/t/trama/Projects/ChileResults/compare_spectra.ipynb is not trusted
[I 2026-02-20 18:13:56.336 ServerApp] Kernel started: 1ab97d10-966a-471b-ad92-a9a3e37d18a9
[I 2026-02-20 18:13:56.337 ServerApp] Culling kernels with idle durations > 64800 seconds at 300 second intervals ...
[I 2026-02-20 18:13:58.687 ServerApp] Kernel started: 1450f2a6-5c6c-447b-a57e-0558d668e366
[I 2026-02-20 18:14:06.770 ServerApp] Connecting to kernel 1ab97d10-966a-471b-ad92-a9a3e37d18a9.
[I 2026-02-20 18:14:06.830 ServerApp] Connecting to kernel 1ab97d10-966a-471b-ad92-a9a3e37d18a9.
/global/common/software/nersc9/jupyter/ex/26-02/lib/python3.10/json/encoder.py:257: UserWarning: date_default is deprecated since jupyter_client 7.0.0. Use jupyter_client.jsonutil.json_default.
  return _iterencode(o, 0)
[I 2026-02-20 18:14:06.885 ServerApp] Connecting to kernel 1ab97d10-966a-471b-ad92-a9a3e37d18a9.
[I 2026-02-20 18:14:06.959 ServerApp] Connecting to kernel 1450f2a6-5c6c-447b-a57e-0558d668e366.
[I 2026-02-20 18:14:07.007 ServerApp] Connecting to kernel 1450f2a6-5c6c-447b-a57e-0558d668e366.
[I 2026-02-20 18:14:07.058 ServerApp] Connecting to kernel 1450f2a6-5c6c-447b-a57e-0558d668e366.
[I 2026-02-20 18:14:20.346 ServerApp] New terminal with automatic name: 1
[I 2026-02-20 20:42:51.717 ServerApp] EOF on FD 95; stopping reading
[I 2026-02-20 20:42:51.818 ServerApp] Terminal 4 closed
slurmstepd: error: *** JOB 49169495 ON nid004194 CANCELLED AT 2026-02-21T04:43:08 ***
