2026-03-12T17:41:07-07:00 LAUNCH
[I 2026-03-12 17:41:13.403 ServerApp] Extension package dask_labextension took 1.3374s to import
[W 2026-03-12 17:41:13.403 ServerApp] A `_jupyter_server_extension_points` function was not found in dask_labextension. Instead, a `_jupyter_server_extension_paths` function was found and will be used for now. This function name will be deprecated in future releases of Jupyter Server.
[I 2026-03-12 17:41:13.628 ServerApp] Extension package jupyter_lsp took 0.2237s to import
[I 2026-03-12 17:41:14.230 ServerApp] Extension package jupyterlab_git took 0.1009s to import
[I 2026-03-12 17:41:15.340 ServerApp] Extension package jupyterlab_h5web took 1.1089s to import
[I 2026-03-12 17:41:15.635 ServerApp] Extension package jupyterlab_jupytext took 0.2944s to import
[W 2026-03-12 17:41:15.759 ServerApp] jupyterlab_nvdashboard | error adding extension (enabled: True): Driver Not Loaded
    Traceback (most recent call last):
      File "/global/common/software/nersc9/jupyter/ex/26-02/lib/python3.10/site-packages/jupyter_server/extension/manager.py", line 323, in add_extension
        extpkg = ExtensionPackage(name=extension_name, enabled=enabled)
      File "/global/common/software/nersc9/jupyter/ex/26-02/lib/python3.10/site-packages/jupyter_server/extension/manager.py", line 187, in __init__
        self._load_metadata()
      File "/global/common/software/nersc9/jupyter/ex/26-02/lib/python3.10/site-packages/jupyter_server/extension/manager.py", line 196, in _load_metadata
        self.module, self.metadata = get_metadata(name, logger=self.log)
      File "/global/common/software/nersc9/jupyter/ex/26-02/lib/python3.10/site-packages/jupyter_server/extension/utils.py", line 65, in get_metadata
        module = importlib.import_module(package_name)
      File "/global/common/software/nersc9/jupyter/ex/26-02/lib/python3.10/importlib/__init__.py", line 126, in import_module
        return _bootstrap._gcd_import(name[level:], package, level)
      File "<frozen importlib._bootstrap>", line 1050, in _gcd_import
      File "<frozen importlib._bootstrap>", line 1027, in _find_and_load
      File "<frozen importlib._bootstrap>", line 1006, in _find_and_load_unlocked
      File "<frozen importlib._bootstrap>", line 688, in _load_unlocked
      File "<frozen importlib._bootstrap_external>", line 883, in exec_module
      File "<frozen importlib._bootstrap>", line 241, in _call_with_frames_removed
      File "/global/common/software/nersc9/jupyter/ex/26-02/lib/python3.10/site-packages/jupyterlab_nvdashboard/__init__.py", line 13, in <module>
        from .handlers import setup_handlers
      File "/global/common/software/nersc9/jupyter/ex/26-02/lib/python3.10/site-packages/jupyterlab_nvdashboard/handlers.py", line 2, in <module>
        from . import apps
      File "/global/common/software/nersc9/jupyter/ex/26-02/lib/python3.10/site-packages/jupyterlab_nvdashboard/apps/__init__.py", line 2, in <module>
        from . import gpu
      File "/global/common/software/nersc9/jupyter/ex/26-02/lib/python3.10/site-packages/jupyterlab_nvdashboard/apps/gpu.py", line 7, in <module>
        pynvml.nvmlInit()
      File "/global/common/software/nersc9/jupyter/ex/26-02/lib/python3.10/site-packages/pynvml/nvml.py", line 1770, in nvmlInit
        nvmlInitWithFlags(0)
      File "/global/common/software/nersc9/jupyter/ex/26-02/lib/python3.10/site-packages/pynvml/nvml.py", line 1760, in nvmlInitWithFlags
        _nvmlCheckReturn(ret)
      File "/global/common/software/nersc9/jupyter/ex/26-02/lib/python3.10/site-packages/pynvml/nvml.py", line 833, in _nvmlCheckReturn
        raise NVMLError(ret)
    pynvml.nvml.NVMLError_DriverNotLoaded: Driver Not Loaded
[W 2026-03-12 17:41:15.819 ServerApp] A `_jupyter_server_extension_points` function was not found in nbclassic. Instead, a `_jupyter_server_extension_paths` function was found and will be used for now. This function name will be deprecated in future releases of Jupyter Server.
[I 2026-03-12 17:41:15.827 ServerApp] dask_labextension | extension was successfully linked.
[I 2026-03-12 17:41:15.828 ServerApp] jupyter_lsp | extension was successfully linked.
[I 2026-03-12 17:41:15.828 ServerApp] jupyter_resource_usage | extension was successfully linked.
[I 2026-03-12 17:41:15.837 ServerApp] jupyter_server_mathjax | extension was successfully linked.
[I 2026-03-12 17:41:15.837 ServerApp] jupyter_server_proxy | extension was successfully linked.
[I 2026-03-12 17:41:15.845 ServerApp] jupyter_server_terminals | extension was successfully linked.
[I 2026-03-12 17:41:15.845 JupyterHubSingleUser] Starting jupyterhub single-user server extension version 5.0.0
[I 2026-03-12 17:41:15.846 JupyterHubSingleUser] Using default url from environment $JUPYTERHUB_DEFAULT_URL: /lab/tree/global/homes/t/trama
[I 2026-03-12 17:41:15.849 ServerApp] jupyterhub | extension was successfully linked.
[W 2026-03-12 17:41:15.854 LabApp] 'extra_template_paths' was found in both NotebookApp and ServerApp. This is likely a recent change. This config will only be set in NotebookApp. Please check if you should also config these traits in ServerApp for your purpose.
[I 2026-03-12 17:41:15.857 ServerApp] jupyterlab | extension was successfully linked.
[I 2026-03-12 17:41:15.857 ServerApp] jupyterlab_code_formatter | extension was successfully linked.
[I 2026-03-12 17:41:15.858 ServerApp] jupyterlab_git | extension was successfully linked.
[I 2026-03-12 17:41:15.858 ServerApp] jupyterlab_h5web | extension was successfully linked.
[I 2026-03-12 17:41:15.858 ServerApp] jupyterlab_jupytext | extension was successfully linked.
[I 2026-03-12 17:41:15.858 ServerApp] jupyterlab_wall | extension was successfully linked.
[W 2026-03-12 17:41:15.863 NotebookApp] 'extra_template_paths' was found in both NotebookApp and ServerApp. This is likely a recent change. This config will only be set in NotebookApp. Please check if you should also config these traits in ServerApp for your purpose.
[I 2026-03-12 17:41:15.865 ServerApp] nbclassic | extension was successfully linked.
[I 2026-03-12 17:41:15.865 ServerApp] nbdime | extension was successfully linked.
[W 2026-03-12 17:41:15.870 JupyterNotebookApp] 'extra_template_paths' was found in both NotebookApp and ServerApp. This is likely a recent change. This config will only be set in NotebookApp. Please check if you should also config these traits in ServerApp for your purpose.
[I 2026-03-12 17:41:15.872 ServerApp] notebook | extension was successfully linked.
[I 2026-03-12 17:41:15.874 ServerApp] Writing Jupyter server cookie secret to /tmp/jupyter-runtime-15753b51-bfef-49c7-ad03-6cf33ae7982e/jupyter_cookie_secret
[I 2026-03-12 17:41:15.906 ServerApp] notebook_shim | extension was successfully linked.
[I 2026-03-12 17:41:15.985 ServerApp] notebook_shim | extension was successfully loaded.
[I 2026-03-12 17:41:15.986 ServerApp] dask_labextension | extension was successfully loaded.
[I 2026-03-12 17:41:15.990 ServerApp] jupyter_lsp | extension was successfully loaded.
[I 2026-03-12 17:41:15.991 ServerApp] jupyter_resource_usage | extension was successfully loaded.
[I 2026-03-12 17:41:15.991 ServerApp] jupyter_server_mathjax | extension was successfully loaded.
[I 2026-03-12 17:41:16.034 ServerApp] jupyter_server_proxy | extension was successfully loaded.
[I 2026-03-12 17:41:16.037 ServerApp] jupyter_server_terminals | extension was successfully loaded.
[I 2026-03-12 17:41:16.053 JupyterHubSingleUser] Updating Hub with activity every 300 seconds
[I 2026-03-12 17:41:16.054 ServerApp] jupyterhub | extension was successfully loaded.
[I 2026-03-12 17:41:16.236 ServerApp] Skipped non-installed server(s): bash-language-server, dockerfile-language-server-nodejs, javascript-typescript-langserver, jedi-language-server, julia-language-server, pyright, python-language-server, python-lsp-server, r-languageserver, sql-language-server, texlab, typescript-language-server, unified-language-server, vscode-css-languageserver-bin, vscode-html-languageserver-bin, vscode-json-languageserver-bin, yaml-language-server
[I 2026-03-12 17:41:16.328 LabApp] JupyterLab extension loaded from /global/common/software/nersc9/jupyter/ex/26-02/lib/python3.10/site-packages/jupyterlab
[I 2026-03-12 17:41:16.328 LabApp] JupyterLab application directory is /global/common/software/nersc9/jupyter/ex/26-02/share/jupyter/lab
[I 2026-03-12 17:41:16.330 LabApp] Extension Manager is 'pypi'.
[I 2026-03-12 17:41:16.352 ServerApp] jupyterlab | extension was successfully loaded.
[I 2026-03-12 17:41:16.353 ServerApp] Registered jupyterlab_code_formatter server extension
[I 2026-03-12 17:41:16.353 ServerApp] jupyterlab_code_formatter | extension was successfully loaded.
[I 2026-03-12 17:41:16.360 ServerApp] jupyterlab_git | extension was successfully loaded.
[I 2026-03-12 17:41:16.579 ServerApp] Jupyterlab-h5web extension will serve HDF5 files from /
[I 2026-03-12 17:41:16.579 ServerApp] jupyterlab_h5web | extension was successfully loaded.
[W 2026-03-12 17:41:16.579 ServerApp] [Jupytext Server Extension] Async contents managers like {base_class.__name__} are not supported at the moment (https://github.com/mwouts/jupytext/issues/1020). We will derive a contents manager from LargeFileManager instead.
[I 2026-03-12 17:41:16.580 ServerApp] [Jupytext Server Extension] Deriving a JupytextContentsManager from LargeFileManager
[I 2026-03-12 17:41:16.581 ServerApp] jupyterlab_jupytext | extension was successfully loaded.
[I 2026-03-12 17:41:16.582 ServerApp] Registered jupyterlab_wall server extension
[I 2026-03-12 17:41:16.582 ServerApp] jupyterlab_wall | extension was successfully loaded.
[I 2026-03-12 17:41:16.614 ServerApp] nbclassic | extension was successfully loaded.
[I 2026-03-12 17:41:16.868 ServerApp] nbdime | extension was successfully loaded.
[I 2026-03-12 17:41:16.954 ServerApp] notebook | extension was successfully loaded.
[I 2026-03-12 17:41:16.954 ServerApp] Will shut down after 64800 seconds with no kernels.
[I 2026-03-12 17:41:16.955 ServerApp] Serving notebooks from local directory: /
[I 2026-03-12 17:41:16.955 ServerApp] Jupyter Server 2.14.2 is running at:
[I 2026-03-12 17:41:16.956 ServerApp] http://nid004146:60475/user/trama/perlmutter-exclusive-node-cpu/lab/tree/global/homes/t/trama?token=...
[I 2026-03-12 17:41:16.956 ServerApp]     http://127.0.0.1:60475/user/trama/perlmutter-exclusive-node-cpu/lab/tree/global/homes/t/trama?token=...
[I 2026-03-12 17:41:16.956 ServerApp] Use Control-C to stop this server and shut down all kernels (twice to skip confirmation).
[I 2026-03-12 17:41:42.291 ServerApp] Loaded Jupytext configuration file at /global/common/software/nersc9/jupyter/ex/26-02/etc/jupytext/jupytext.toml
[W 2026-03-12 17:41:42.342 LabApp] Could not determine jupyterlab build status without nodejs
[I 2026-03-12 17:41:45.922 ServerApp] New terminal with automatic name: 1
[I 2026-03-12 17:41:45.923 ServerApp] Culling terminals with inactivity > 64800 seconds at 300 second intervals ...
[I 2026-03-12 19:47:13.954 ServerApp] EOF on FD 95; stopping reading
[I 2026-03-12 19:47:14.054 ServerApp] Terminal 1 closed
slurmstepd: error: *** JOB 50009115 ON nid004146 CANCELLED AT 2026-03-13T02:47:26 ***
