2026-02-26T17:02:06-08:00 LAUNCH
[I 2026-02-26 17:02:13.146 ServerApp] Extension package dask_labextension took 1.6726s to import
[W 2026-02-26 17:02:13.147 ServerApp] A `_jupyter_server_extension_points` function was not found in dask_labextension. Instead, a `_jupyter_server_extension_paths` function was found and will be used for now. This function name will be deprecated in future releases of Jupyter Server.
[I 2026-02-26 17:02:13.265 ServerApp] Extension package jupyter_lsp took 0.1174s to import
[I 2026-02-26 17:02:13.461 ServerApp] Extension package jupyterlab took 0.1040s to import
[I 2026-02-26 17:02:13.975 ServerApp] Extension package jupyterlab_git took 0.1200s to import
[I 2026-02-26 17:02:15.253 ServerApp] Extension package jupyterlab_h5web took 1.2769s to import
[I 2026-02-26 17:02:15.597 ServerApp] Extension package jupyterlab_jupytext took 0.3443s to import
[W 2026-02-26 17:02:15.701 ServerApp] jupyterlab_nvdashboard | error adding extension (enabled: True): Driver Not Loaded
    Traceback (most recent call last):
      File "/global/common/software/nersc9/jupyter/ex/26-02/lib/python3.10/site-packages/jupyter_server/extension/manager.py", line 323, in add_extension
        extpkg = ExtensionPackage(name=extension_name, enabled=enabled)
      File "/global/common/software/nersc9/jupyter/ex/26-02/lib/python3.10/site-packages/jupyter_server/extension/manager.py", line 187, in __init__
        self._load_metadata()
      File "/global/common/software/nersc9/jupyter/ex/26-02/lib/python3.10/site-packages/jupyter_server/extension/manager.py", line 196, in _load_metadata
        self.module, self.metadata = get_metadata(name, logger=self.log)
      File "/global/common/software/nersc9/jupyter/ex/26-02/lib/python3.10/site-packages/jupyter_server/extension/utils.py", line 65, in get_metadata
        module = importlib.import_module(package_name)
      File "/global/common/software/nersc9/jupyter/ex/26-02/lib/python3.10/importlib/__init__.py", line 126, in import_module
        return _bootstrap._gcd_import(name[level:], package, level)
      File "<frozen importlib._bootstrap>", line 1050, in _gcd_import
      File "<frozen importlib._bootstrap>", line 1027, in _find_and_load
      File "<frozen importlib._bootstrap>", line 1006, in _find_and_load_unlocked
      File "<frozen importlib._bootstrap>", line 688, in _load_unlocked
      File "<frozen importlib._bootstrap_external>", line 883, in exec_module
      File "<frozen importlib._bootstrap>", line 241, in _call_with_frames_removed
      File "/global/common/software/nersc9/jupyter/ex/26-02/lib/python3.10/site-packages/jupyterlab_nvdashboard/__init__.py", line 13, in <module>
        from .handlers import setup_handlers
      File "/global/common/software/nersc9/jupyter/ex/26-02/lib/python3.10/site-packages/jupyterlab_nvdashboard/handlers.py", line 2, in <module>
        from . import apps
      File "/global/common/software/nersc9/jupyter/ex/26-02/lib/python3.10/site-packages/jupyterlab_nvdashboard/apps/__init__.py", line 2, in <module>
        from . import gpu
      File "/global/common/software/nersc9/jupyter/ex/26-02/lib/python3.10/site-packages/jupyterlab_nvdashboard/apps/gpu.py", line 7, in <module>
        pynvml.nvmlInit()
      File "/global/common/software/nersc9/jupyter/ex/26-02/lib/python3.10/site-packages/pynvml/nvml.py", line 1770, in nvmlInit
        nvmlInitWithFlags(0)
      File "/global/common/software/nersc9/jupyter/ex/26-02/lib/python3.10/site-packages/pynvml/nvml.py", line 1760, in nvmlInitWithFlags
        _nvmlCheckReturn(ret)
      File "/global/common/software/nersc9/jupyter/ex/26-02/lib/python3.10/site-packages/pynvml/nvml.py", line 833, in _nvmlCheckReturn
        raise NVMLError(ret)
    pynvml.nvml.NVMLError_DriverNotLoaded: Driver Not Loaded
[W 2026-02-26 17:02:15.765 ServerApp] A `_jupyter_server_extension_points` function was not found in nbclassic. Instead, a `_jupyter_server_extension_paths` function was found and will be used for now. This function name will be deprecated in future releases of Jupyter Server.
[I 2026-02-26 17:02:15.773 ServerApp] dask_labextension | extension was successfully linked.
[I 2026-02-26 17:02:15.774 ServerApp] jupyter_lsp | extension was successfully linked.
[I 2026-02-26 17:02:15.774 ServerApp] jupyter_resource_usage | extension was successfully linked.
[I 2026-02-26 17:02:15.783 ServerApp] jupyter_server_mathjax | extension was successfully linked.
[I 2026-02-26 17:02:15.783 ServerApp] jupyter_server_proxy | extension was successfully linked.
[I 2026-02-26 17:02:15.791 ServerApp] jupyter_server_terminals | extension was successfully linked.
[I 2026-02-26 17:02:15.791 JupyterHubSingleUser] Starting jupyterhub single-user server extension version 5.0.0
[I 2026-02-26 17:02:15.792 JupyterHubSingleUser] Using default url from environment $JUPYTERHUB_DEFAULT_URL: /lab/tree/global/homes/t/trama
[I 2026-02-26 17:02:15.795 ServerApp] jupyterhub | extension was successfully linked.
[W 2026-02-26 17:02:15.801 LabApp] 'extra_template_paths' was found in both NotebookApp and ServerApp. This is likely a recent change. This config will only be set in NotebookApp. Please check if you should also config these traits in ServerApp for your purpose.
[I 2026-02-26 17:02:15.804 ServerApp] jupyterlab | extension was successfully linked.
[I 2026-02-26 17:02:15.804 ServerApp] jupyterlab_code_formatter | extension was successfully linked.
[I 2026-02-26 17:02:15.804 ServerApp] jupyterlab_git | extension was successfully linked.
[I 2026-02-26 17:02:15.805 ServerApp] jupyterlab_h5web | extension was successfully linked.
[I 2026-02-26 17:02:15.805 ServerApp] jupyterlab_jupytext | extension was successfully linked.
[I 2026-02-26 17:02:15.805 ServerApp] jupyterlab_wall | extension was successfully linked.
[W 2026-02-26 17:02:15.810 NotebookApp] 'extra_template_paths' was found in both NotebookApp and ServerApp. This is likely a recent change. This config will only be set in NotebookApp. Please check if you should also config these traits in ServerApp for your purpose.
[I 2026-02-26 17:02:15.812 ServerApp] nbclassic | extension was successfully linked.
[I 2026-02-26 17:02:15.813 ServerApp] nbdime | extension was successfully linked.
[W 2026-02-26 17:02:15.817 JupyterNotebookApp] 'extra_template_paths' was found in both NotebookApp and ServerApp. This is likely a recent change. This config will only be set in NotebookApp. Please check if you should also config these traits in ServerApp for your purpose.
[I 2026-02-26 17:02:15.820 ServerApp] notebook | extension was successfully linked.
[I 2026-02-26 17:02:15.821 ServerApp] Writing Jupyter server cookie secret to /tmp/jupyter-runtime-6d54d399-6c5d-4991-a110-994e7a40aef4/jupyter_cookie_secret
[I 2026-02-26 17:02:15.864 ServerApp] notebook_shim | extension was successfully linked.
[I 2026-02-26 17:02:15.953 ServerApp] notebook_shim | extension was successfully loaded.
[I 2026-02-26 17:02:15.954 ServerApp] dask_labextension | extension was successfully loaded.
[I 2026-02-26 17:02:15.957 ServerApp] jupyter_lsp | extension was successfully loaded.
[I 2026-02-26 17:02:15.959 ServerApp] jupyter_resource_usage | extension was successfully loaded.
[I 2026-02-26 17:02:15.959 ServerApp] jupyter_server_mathjax | extension was successfully loaded.
[I 2026-02-26 17:02:16.009 ServerApp] jupyter_server_proxy | extension was successfully loaded.
[I 2026-02-26 17:02:16.011 ServerApp] jupyter_server_terminals | extension was successfully loaded.
[I 2026-02-26 17:02:16.028 JupyterHubSingleUser] Updating Hub with activity every 300 seconds
[I 2026-02-26 17:02:16.029 ServerApp] jupyterhub | extension was successfully loaded.
[I 2026-02-26 17:02:16.255 ServerApp] Skipped non-installed server(s): bash-language-server, dockerfile-language-server-nodejs, javascript-typescript-langserver, jedi-language-server, julia-language-server, pyright, python-language-server, python-lsp-server, r-languageserver, sql-language-server, texlab, typescript-language-server, unified-language-server, vscode-css-languageserver-bin, vscode-html-languageserver-bin, vscode-json-languageserver-bin, yaml-language-server
[I 2026-02-26 17:02:16.375 LabApp] JupyterLab extension loaded from /global/common/software/nersc9/jupyter/ex/26-02/lib/python3.10/site-packages/jupyterlab
[I 2026-02-26 17:02:16.376 LabApp] JupyterLab application directory is /global/common/software/nersc9/jupyter/ex/26-02/share/jupyter/lab
[I 2026-02-26 17:02:16.379 LabApp] Extension Manager is 'pypi'.
[I 2026-02-26 17:02:16.401 ServerApp] jupyterlab | extension was successfully loaded.
[I 2026-02-26 17:02:16.403 ServerApp] Registered jupyterlab_code_formatter server extension
[I 2026-02-26 17:02:16.403 ServerApp] jupyterlab_code_formatter | extension was successfully loaded.
[I 2026-02-26 17:02:16.410 ServerApp] jupyterlab_git | extension was successfully loaded.
[I 2026-02-26 17:02:16.651 ServerApp] Jupyterlab-h5web extension will serve HDF5 files from /
[I 2026-02-26 17:02:16.652 ServerApp] jupyterlab_h5web | extension was successfully loaded.
[W 2026-02-26 17:02:16.653 ServerApp] [Jupytext Server Extension] Async contents managers like {base_class.__name__} are not supported at the moment (https://github.com/mwouts/jupytext/issues/1020). We will derive a contents manager from LargeFileManager instead.
[I 2026-02-26 17:02:16.653 ServerApp] [Jupytext Server Extension] Deriving a JupytextContentsManager from LargeFileManager
[I 2026-02-26 17:02:16.654 ServerApp] jupyterlab_jupytext | extension was successfully loaded.
[I 2026-02-26 17:02:16.655 ServerApp] Registered jupyterlab_wall server extension
[I 2026-02-26 17:02:16.655 ServerApp] jupyterlab_wall | extension was successfully loaded.
[I 2026-02-26 17:02:16.694 ServerApp] nbclassic | extension was successfully loaded.
[I 2026-02-26 17:02:16.978 ServerApp] nbdime | extension was successfully loaded.
[I 2026-02-26 17:02:17.090 ServerApp] notebook | extension was successfully loaded.
[I 2026-02-26 17:02:17.090 ServerApp] Will shut down after 64800 seconds with no kernels.
[I 2026-02-26 17:02:17.091 ServerApp] Serving notebooks from local directory: /
[I 2026-02-26 17:02:17.091 ServerApp] Jupyter Server 2.14.2 is running at:
[I 2026-02-26 17:02:17.091 ServerApp] http://nid004205:33961/user/trama/perlmutter-exclusive-node-cpu/lab/tree/global/homes/t/trama?token=...
[I 2026-02-26 17:02:17.091 ServerApp]     http://127.0.0.1:33961/user/trama/perlmutter-exclusive-node-cpu/lab/tree/global/homes/t/trama?token=...
[I 2026-02-26 17:02:17.092 ServerApp] Use Control-C to stop this server and shut down all kernels (twice to skip confirmation).
[W 2026-02-26 17:02:41.382 LabApp] Could not determine jupyterlab build status without nodejs
[I 2026-02-26 17:02:41.495 ServerApp] Loaded Jupytext configuration file at /global/common/software/nersc9/jupyter/ex/26-02/etc/jupytext/jupytext.toml
[I 2026-02-26 17:02:47.926 ServerApp] New terminal with automatic name: 1
[I 2026-02-26 17:02:47.928 ServerApp] Culling terminals with inactivity > 64800 seconds at 300 second intervals ...
[I 2026-02-26 17:05:22.247 ServerApp] Saving file at /global/homes/t/trama/Projects/ChileResults/phase2_mlsearch.py
[I 2026-02-26 17:45:43.754 ServerApp] New terminal with automatic name: 2
slurmstepd: error: *** JOB 49427216 ON nid004205 CANCELLED AT 2026-02-27T04:21:11 ***
